e:\code\vs\iocpserver\iocpserver\iocpserver\debug\iocpserver.pch
e:\code\vs\iocpserver\iocpserver\iocpserver\debug\vc141.pdb
e:\code\vs\iocpserver\iocpserver\iocpserver\debug\vc141.idb
e:\code\vs\iocpserver\iocpserver\iocpserver\debug\stdafx.obj
e:\code\vs\iocpserver\iocpserver\iocpserver\debug\iocpserver.obj
e:\code\vs\iocptest\iocpserver\iocpserver\debug\iocpserver.pch
e:\code\vs\iocptest\iocpserver\iocpserver\debug\vc141.pdb
e:\code\vs\iocptest\iocpserver\iocpserver\debug\vc141.idb
e:\code\vs\iocptest\iocpserver\iocpserver\debug\stdafx.obj
e:\code\vs\iocptest\iocpserver\iocpserver\debug\iocpserver.obj
e:\code\vs\iocpserver\iocpserver\debug\iocpserver.exe
e:\code\vs\iocpserver\iocpserver\debug\iocpserver.ilk
e:\code\vs\iocpserver\iocpserver\debug\iocpserver.pdb
e:\code\vs\iocptest\iocpserver\debug\iocpserver.exe
e:\code\vs\iocptest\iocpserver\debug\iocpserver.ilk
e:\code\vs\iocptest\iocpserver\debug\iocpserver.pdb
e:\code\vs\iocptest\iocpserver\iocpserver\debug\iocpserver.tlog\cl.command.1.tlog
e:\code\vs\iocptest\iocpserver\iocpserver\debug\iocpserver.tlog\cl.read.1.tlog
e:\code\vs\iocptest\iocpserver\iocpserver\debug\iocpserver.tlog\cl.write.1.tlog
e:\code\vs\iocptest\iocpserver\iocpserver\debug\iocpserver.tlog\link.command.1.tlog
e:\code\vs\iocptest\iocpserver\iocpserver\debug\iocpserver.tlog\link.read.1.tlog
e:\code\vs\iocptest\iocpserver\iocpserver\debug\iocpserver.tlog\link.write.1.tlog
